Args: Namespace(dataset='CASIA_B', dataset_path='/mnt/Dataset/casia_b', resolution=128, seed=2022, shuffle=False, tail_num=0)
src_dir=/mnt/Dataset/casia_b/silhouettes_cut128_pkl
des_dir=/mnt/Dataset/casia_b_tn00_noshuffle/silhouettes_cut128_pkl_tn00_noshuffle
####################################################
train_id_list=['001', '002', '003', '004', '006', '007', '008', '009', '010', '011', '012', '013', '014', '015', '016', '017', '018', '019', '020', '021', '022', '023', '024', '025', '026', '027', '028', '029', '030', '031', '032', '033', '034', '035', '036', '037', '038', '039', '040', '041', '042', '043', '044', '045', '046', '047', '048', '049', '050', '051', '052', '053', '054', '055', '056', '057', '058', '059', '060', '061', '062', '063', '064', '065', '066', '067', '068', '069', '070', '071', '072', '073', '074'], num=73
test_id_list=['075', '076', '077', '078', '079', '080', '081', '082', '083', '084', '085', '086', '087', '088', '089', '090', '091', '092', '093', '094', '095', '096', '097', '098', '099', '100', '101', '102', '103', '104', '105', '106', '107', '108', '109', '110', '111', '112', '113', '114', '115', '116', '117', '118', '119', '120', '121', '122', '123', '124'], num=50
head_train_id_list=['001', '002', '003', '004', '006', '007', '008', '009', '010', '011', '012', '013', '014', '015', '016', '017', '018', '019', '020', '021', '022', '023', '024', '025', '026', '027', '028', '029', '030', '031', '032', '033', '034', '035', '036', '037', '038', '039', '040', '041', '042', '043', '044', '045', '046', '047', '048', '049', '050', '051', '052', '053', '054', '055', '056', '057', '058', '059', '060', '061', '062', '063', '064', '065', '066', '067', '068', '069', '070', '071', '072', '073', '074'], num=73
tail_train_id_list=[], num=0
####################################################
####################################################
Ignore ID=005
####################################################
Head ID=042
Head ID=018
Head ID=030
Head ID=048
Head ID=010
Head ID=001
Head ID=049
Head ID=004
Head ID=006
Head ID=020
Head ID=014
Head ID=016
Head ID=022
Head ID=039
Head ID=003
Head ID=036
Head ID=033
Head ID=017
Head ID=041
Head ID=012
Head ID=031
Head ID=023
Head ID=046
Head ID=037
Head ID=043
Head ID=032
Head ID=047
Head ID=025
Head ID=007
Head ID=009
Head ID=040
Head ID=029
Head ID=038
Head ID=019
Head ID=045
Head ID=044
Head ID=008
Head ID=021
Head ID=035
Head ID=011
Head ID=028
Head ID=026
Head ID=027
Head ID=002
Head ID=024
Head ID=013
Head ID=015
Head ID=034
Head ID=053
Head ID=061
Head ID=055
Head ID=058
Head ID=054
Head ID=050
Head ID=068
Head ID=060
Head ID=059
Head ID=066
Head ID=078
Head ID=074
Head ID=087
Head ID=088
Head ID=065
Head ID=064
Head ID=091
Head ID=071
Head ID=051
Head ID=052
Head ID=063
Head ID=075
Head ID=076
Head ID=084
Head ID=069
Head ID=089
Head ID=114
Head ID=105
Head ID=062
Head ID=122
Head ID=067
Head ID=080
Head ID=086
Head ID=083
Head ID=057
Head ID=095
Head ID=081
Head ID=093
Head ID=070
Head ID=056
Head ID=113
Head ID=090
Head ID=085
Head ID=097
Head ID=096
Head ID=077
Head ID=079
Head ID=072
Head ID=073
Head ID=118
Head ID=094
Head ID=123
Head ID=117
Head ID=110
Head ID=092
Head ID=082
Head ID=124
Head ID=104
Head ID=101
Head ID=111
Head ID=099
Head ID=112
Head ID=100
Head ID=103
Head ID=107
Head ID=109
Head ID=098
Head ID=120
Head ID=116
Head ID=121
Head ID=115
Head ID=108
Head ID=119
Head ID=106
Head ID=102
####################################################
new_train_id_list=['001', '002', '003', '004', '006', '007', '008', '009', '010', '011', '012', '013', '014', '015', '016', '017', '018', '019', '020', '021', '022', '023', '024', '025', '026', '027', '028', '029', '030', '031', '032', '033', '034', '035', '036', '037', '038', '039', '040', '041', '042', '043', '044', '045', '046', '047', '048', '049', '050', '051', '052', '053', '054', '055', '056', '057', '058', '059', '060', '061', '062', '063', '064', '065', '066', '067', '068', '069', '070', '071', '072', '073', '074'], num=73
new_test_id_list=['075', '076', '077', '078', '079', '080', '081', '082', '083', '084', '085', '086', '087', '088', '089', '090', '091', '092', '093', '094', '095', '096', '097', '098', '099', '100', '101', '102', '103', '104', '105', '106', '107', '108', '109', '110', '111', '112', '113', '114', '115', '116', '117', '118', '119', '120', '121', '122', '123', '124'], num=50
new_head_train_id_list=['001', '002', '003', '004', '006', '007', '008', '009', '010', '011', '012', '013', '014', '015', '016', '017', '018', '019', '020', '021', '022', '023', '024', '025', '026', '027', '028', '029', '030', '031', '032', '033', '034', '035', '036', '037', '038', '039', '040', '041', '042', '043', '044', '045', '046', '047', '048', '049', '050', '051', '052', '053', '054', '055', '056', '057', '058', '059', '060', '061', '062', '063', '064', '065', '066', '067', '068', '069', '070', '071', '072', '073', '074'], num=73
new_tail_train_id_list=[], num=0
####################################################
partition/CASIA_B_tn00_noshuffle.npy Saved
